<?xml version="1.0" encoding="UTF-8"?>
<!-- Generated by org.testng.reporters.JUnitXMLReporter -->
<testsuite hostname="FP-PC" ignored="0" name="Default test" tests="3" failures="0" timestamp="19 Aug 2017 10:55:35 GMT" time="0.031" errors="0">
  <testcase name="fourthSmTest" time="0.0" classname="testng.TestNgGroup2"/>
  <testcase name="secondRgTest" time="0.016" classname="testng.TestNgGroup2"/>
  <testcase name="thirdSmTest" time="0.0" classname="testng.TestNgGroup2"/>
</testsuite> <!-- Default test -->
