<?xml version="1.0" encoding="UTF-8"?>
<!-- Generated by org.testng.reporters.JUnitXMLReporter -->
<testsuite hostname="FP-PC" name="Default test" tests="3" failures="0" timestamp="5 Jul 2017 14:06:20 GMT" time="0.062" errors="0">
  <testcase name="adminLogin" time="0.015" classname="testng.DataProviderTest"/>
  <testcase name="adminLogin" time="0.0" classname="testng.DataProviderTest"/>
  <testcase name="adminLogin" time="0.016" classname="testng.DataProviderTest"/>
</testsuite> <!-- Default test -->
