<?xml version="1.0" encoding="UTF-8"?>
<!-- Generated by org.testng.reporters.JUnitXMLReporter -->
<testsuite hostname="FP-PC" ignored="2" name="Test" tests="4" failures="0" timestamp="19 Aug 2017 10:56:52 GMT" time="0.063" errors="0">
  <testcase name="firstSmTest" time="0.015" classname="testng.TestNgGroup1"/>
  <testcase name="secondSmTest" time="0.016" classname="testng.TestNgGroup1"/>
  <testcase name="fourthSmTest" time="0.0" classname="testng.TestNgGroup2"/>
  <testcase name="thirdSmTest" time="0.0" classname="testng.TestNgGroup2"/>
  <testcase name="firstRgTest" time="0.0" classname="testng.TestNgGroup1">
    <ignored/>
  </testcase> <!-- firstRgTest -->
  <testcase name="secondRgTest" time="0.0" classname="testng.TestNgGroup2">
    <ignored/>
  </testcase> <!-- secondRgTest -->
</testsuite> <!-- Test -->
