<?xml version="1.0" encoding="UTF-8"?>
<!-- Generated by org.testng.reporters.JUnitXMLReporter -->
<testsuite hostname="FP-PC" ignored="4" name="Smoke" tests="20" failures="0" timestamp="15 Jul 2017 09:39:19 GMT" time="47.23" errors="0">
  <testcase name="firstRgTest" time="0.006" classname="testng.TestNgGroup1"/>
  <testcase name="firstSmTest" time="0.002" classname="testng.TestNgGroup1"/>
  <testcase name="secondSmTest" time="0.004" classname="testng.TestNgGroup1"/>
  <testcase name="fourthSmTest" time="0.003" classname="testng.TestNgGroup2"/>
  <testcase name="secondRgTest" time="0.004" classname="testng.TestNgGroup2"/>
  <testcase name="thirdSmTest" time="0.001" classname="testng.TestNgGroup2"/>
  <testcase name="adminLogin" time="0.001" classname="testng.DataProviderTest"/>
  <testcase name="adminLogin" time="0.001" classname="testng.DataProviderTest"/>
  <testcase name="adminLogin" time="0.0" classname="testng.DataProviderTest"/>
  <testcase name="appLaunch" time="12.195" classname="testng.AdminLoginTest"/>
  <testcase name="startPage" time="0.006" classname="testng.FirstTestNg"/>
  <testcase name="empList" time="5.003" classname="testng.EmpListTest"/>
  <testcase name="appLogin" time="3.842" classname="testng.BeforeTestAferTest"/>
  <testcase name="appLaunch" time="0.0" classname="testng.SampleTestNg"/>
  <testcase name="addEmp" time="8.02" classname="testng.AddEmployee"/>
  <testcase name="appLogin" time="0.015" classname="testng.FirstTestNg"/>
  <testcase name="appLogout" time="0.0" classname="testng.FirstTestNg"/>
  <testcase name="appLaunch" time="0.0" classname="testng.MultipleTest"/>
  <testcase name="appLogin" time="0.0" classname="testng.MultipleTest"/>
  <testcase name="appclose" time="0.0" classname="testng.MultipleTest"/>
  <testcase name="@BeforeTest appLogin" time="0.0" classname="testng.OrangeHRM">
    <ignored/>
  </testcase> <!-- @BeforeTest appLogin -->
  <testcase name="@AfterTest appLogout" time="0.0" classname="testng.OrangeHRM">
    <ignored/>
  </testcase> <!-- @AfterTest appLogout -->
  <testcase name="@BeforeSuite appLaunch" time="0.0" classname="testng.OrangeHRM">
    <ignored/>
  </testcase> <!-- @BeforeSuite appLaunch -->
  <testcase name="@AfterSuite appClose" time="0.0" classname="testng.OrangeHRM">
    <ignored/>
  </testcase> <!-- @AfterSuite appClose -->
</testsuite> <!-- Smoke -->
